2023-02-15 14:43:48.939  INFO 15428 --- [restartedMain] c.c.blog.BlogAppApisApplication          : Starting BlogAppApisApplication using Java 17.0.4.1 on DESKTOP-6L2TBG8 with PID 15428 (C:\Users\Dhananjay\Desktop\BikkadIT\RealTime Tools\blog-app-apis\target\classes started by Dhananjay in C:\Users\Dhananjay\Desktop\BikkadIT\RealTime Tools\blog-app-apis)
2023-02-15 14:43:48.941  INFO 15428 --- [restartedMain] c.c.blog.BlogAppApisApplication          : No active profile set, falling back to 1 default profile: "default"
2023-02-15 14:43:49.040  INFO 15428 --- [restartedMain] .e.DevToolsPropertyDefaultsPostProcessor : Devtools property defaults active! Set 'spring.devtools.add-properties' to 'false' to disable
2023-02-15 14:43:49.080  INFO 15428 --- [restartedMain] .e.DevToolsPropertyDefaultsPostProcessor : For additional web related logging consider setting the 'logging.level.web' property to 'DEBUG'
2023-02-15 14:43:50.459  INFO 15428 --- [restartedMain] .s.d.r.c.RepositoryConfigurationDelegate : Bootstrapping Spring Data JPA repositories in DEFAULT mode.
2023-02-15 14:43:50.554  INFO 15428 --- [restartedMain] .s.d.r.c.RepositoryConfigurationDelegate : Finished Spring Data repository scanning in 84 ms. Found 2 JPA repository interfaces.
2023-02-15 14:43:51.993  INFO 15428 --- [restartedMain] o.s.b.w.embedded.tomcat.TomcatWebServer  : Tomcat initialized with port(s): 9090 (http)
2023-02-15 14:43:52.022  INFO 15428 --- [restartedMain] o.apache.catalina.core.StandardService   : Starting service [Tomcat]
2023-02-15 14:43:52.023  INFO 15428 --- [restartedMain] org.apache.catalina.core.StandardEngine  : Starting Servlet engine: [Apache Tomcat/9.0.71]
2023-02-15 14:43:52.230  INFO 15428 --- [restartedMain] o.a.c.c.C.[Tomcat].[localhost].[/]       : Initializing Spring embedded WebApplicationContext
2023-02-15 14:43:52.231  INFO 15428 --- [restartedMain] w.s.c.ServletWebServerApplicationContext : Root WebApplicationContext: initialization completed in 3150 ms
2023-02-15 14:43:52.442  INFO 15428 --- [restartedMain] o.hibernate.jpa.internal.util.LogHelper  : HHH000204: Processing PersistenceUnitInfo [name: default]
2023-02-15 14:43:52.512  INFO 15428 --- [restartedMain] org.hibernate.Version                    : HHH000412: Hibernate ORM core version 5.6.14.Final
2023-02-15 14:43:52.775  INFO 15428 --- [restartedMain] o.hibernate.annotations.common.Version   : HCANN000001: Hibernate Commons Annotations {5.1.2.Final}
2023-02-15 14:43:52.946  INFO 15428 --- [restartedMain] com.zaxxer.hikari.HikariDataSource       : HikariPool-1 - Starting...
2023-02-15 14:43:53.581  INFO 15428 --- [restartedMain] com.zaxxer.hikari.HikariDataSource       : HikariPool-1 - Start completed.
2023-02-15 14:43:53.603  INFO 15428 --- [restartedMain] org.hibernate.dialect.Dialect            : HHH000400: Using dialect: org.hibernate.dialect.MySQL8Dialect
2023-02-15 14:43:54.957  INFO 15428 --- [restartedMain] o.h.e.t.j.p.i.JtaPlatformInitiator       : HHH000490: Using JtaPlatform implementation: [org.hibernate.engine.transaction.jta.platform.internal.NoJtaPlatform]
2023-02-15 14:43:54.974  INFO 15428 --- [restartedMain] j.LocalContainerEntityManagerFactoryBean : Initialized JPA EntityManagerFactory for persistence unit 'default'
2023-02-15 14:43:55.925  WARN 15428 --- [restartedMain] JpaBaseConfiguration$JpaWebConfiguration : spring.jpa.open-in-view is enabled by default. Therefore, database queries may be performed during view rendering. Explicitly configure spring.jpa.open-in-view to disable this warning
2023-02-15 14:43:56.359  INFO 15428 --- [restartedMain] o.s.b.d.a.OptionalLiveReloadServer       : LiveReload server is running on port 35729
2023-02-15 14:43:56.710  INFO 15428 --- [restartedMain] o.s.b.w.embedded.tomcat.TomcatWebServer  : Tomcat started on port(s): 9090 (http) with context path ''
2023-02-15 14:43:56.713  INFO 15428 --- [restartedMain] d.s.w.p.DocumentationPluginsBootstrapper : Context refreshed
2023-02-15 14:43:56.787  INFO 15428 --- [restartedMain] d.s.w.p.DocumentationPluginsBootstrapper : Found 1 custom documentation plugin(s)
2023-02-15 14:43:56.815  INFO 15428 --- [restartedMain] s.d.s.w.s.ApiListingReferenceScanner     : Scanning for api listing references
2023-02-15 14:43:57.146  INFO 15428 --- [restartedMain] c.c.blog.BlogAppApisApplication          : Started BlogAppApisApplication in 8.91 seconds (JVM running for 10.493)
2023-02-15 14:44:35.930  INFO 15428 --- [http-nio-9090-exec-1] o.a.c.c.C.[Tomcat].[localhost].[/]       : Initializing Spring DispatcherServlet 'dispatcherServlet'
2023-02-15 14:44:35.931  INFO 15428 --- [http-nio-9090-exec-1] o.s.web.servlet.DispatcherServlet        : Initializing Servlet 'dispatcherServlet'
2023-02-15 14:44:35.935  INFO 15428 --- [http-nio-9090-exec-1] o.s.web.servlet.DispatcherServlet        : Completed initialization in 2 ms
2023-02-15 14:44:36.321  INFO 15428 --- [http-nio-9090-exec-1] c.c.blog.services.impl.UserServiceImpl   : dtoToUser() method executed successfully
2023-02-15 14:44:36.602  INFO 15428 --- [http-nio-9090-exec-1] c.c.blog.services.impl.UserServiceImpl   : createUser() method executed successfully
2023-02-15 14:44:36.603  INFO 15428 --- [http-nio-9090-exec-1] c.c.blog.services.impl.UserServiceImpl   : userToUserDto() method executed successfully
2023-02-15 14:46:12.687  INFO 15428 --- [File Watcher] rtingClassPathChangeChangedEventListener : Restarting due to 1 class path change (0 additions, 0 deletions, 1 modification)
2023-02-15 14:46:12.807  INFO 15428 --- [Thread-4] o.apache.catalina.core.StandardService   : Stopping service [Tomcat]
2023-02-15 14:46:12.826  INFO 15428 --- [Thread-4] o.a.c.c.C.[Tomcat].[localhost].[/]       : Destroying Spring FrameworkServlet 'dispatcherServlet'
2023-02-15 14:46:12.863  INFO 15428 --- [Thread-4] j.LocalContainerEntityManagerFactoryBean : Closing JPA EntityManagerFactory for persistence unit 'default'
2023-02-15 14:46:12.868  INFO 15428 --- [Thread-4] com.zaxxer.hikari.HikariDataSource       : HikariPool-1 - Shutdown initiated...
2023-02-15 14:46:13.248  INFO 15428 --- [Thread-4] com.zaxxer.hikari.HikariDataSource       : HikariPool-1 - Shutdown completed.
2023-02-15 14:46:13.468  INFO 15428 --- [restartedMain] c.c.blog.BlogAppApisApplication          : Starting BlogAppApisApplication using Java 17.0.4.1 on DESKTOP-6L2TBG8 with PID 15428 (C:\Users\Dhananjay\Desktop\BikkadIT\RealTime Tools\blog-app-apis\target\classes started by Dhananjay in C:\Users\Dhananjay\Desktop\BikkadIT\RealTime Tools\blog-app-apis)
2023-02-15 14:46:13.468  INFO 15428 --- [restartedMain] c.c.blog.BlogAppApisApplication          : No active profile set, falling back to 1 default profile: "default"
2023-02-15 14:46:13.892  INFO 15428 --- [restartedMain] .s.d.r.c.RepositoryConfigurationDelegate : Bootstrapping Spring Data JPA repositories in DEFAULT mode.
2023-02-15 14:46:13.913  INFO 15428 --- [restartedMain] .s.d.r.c.RepositoryConfigurationDelegate : Finished Spring Data repository scanning in 20 ms. Found 2 JPA repository interfaces.
2023-02-15 14:46:14.108  INFO 15428 --- [restartedMain] o.s.b.w.embedded.tomcat.TomcatWebServer  : Tomcat initialized with port(s): 9090 (http)
2023-02-15 14:46:14.110  INFO 15428 --- [restartedMain] o.apache.catalina.core.StandardService   : Starting service [Tomcat]
2023-02-15 14:46:14.111  INFO 15428 --- [restartedMain] org.apache.catalina.core.StandardEngine  : Starting Servlet engine: [Apache Tomcat/9.0.71]
2023-02-15 14:46:14.161  INFO 15428 --- [restartedMain] o.a.c.c.C.[Tomcat].[localhost].[/]       : Initializing Spring embedded WebApplicationContext
2023-02-15 14:46:14.162  INFO 15428 --- [restartedMain] w.s.c.ServletWebServerApplicationContext : Root WebApplicationContext: initialization completed in 689 ms
2023-02-15 14:46:14.232  INFO 15428 --- [restartedMain] o.hibernate.jpa.internal.util.LogHelper  : HHH000204: Processing PersistenceUnitInfo [name: default]
2023-02-15 14:46:14.248  INFO 15428 --- [restartedMain] com.zaxxer.hikari.HikariDataSource       : HikariPool-2 - Starting...
2023-02-15 14:46:14.275  INFO 15428 --- [restartedMain] com.zaxxer.hikari.HikariDataSource       : HikariPool-2 - Start completed.
2023-02-15 14:46:14.276  INFO 15428 --- [restartedMain] org.hibernate.dialect.Dialect            : HHH000400: Using dialect: org.hibernate.dialect.MySQL8Dialect
2023-02-15 14:46:14.350  INFO 15428 --- [restartedMain] o.h.e.t.j.p.i.JtaPlatformInitiator       : HHH000490: Using JtaPlatform implementation: [org.hibernate.engine.transaction.jta.platform.internal.NoJtaPlatform]
2023-02-15 14:46:14.350  INFO 15428 --- [restartedMain] j.LocalContainerEntityManagerFactoryBean : Initialized JPA EntityManagerFactory for persistence unit 'default'
2023-02-15 14:46:14.657  WARN 15428 --- [restartedMain] JpaBaseConfiguration$JpaWebConfiguration : spring.jpa.open-in-view is enabled by default. Therefore, database queries may be performed during view rendering. Explicitly configure spring.jpa.open-in-view to disable this warning
2023-02-15 14:46:14.804  INFO 15428 --- [restartedMain] o.s.b.d.a.OptionalLiveReloadServer       : LiveReload server is running on port 35729
2023-02-15 14:46:14.925  INFO 15428 --- [restartedMain] o.s.b.w.embedded.tomcat.TomcatWebServer  : Tomcat started on port(s): 9090 (http) with context path ''
2023-02-15 14:46:14.925  INFO 15428 --- [restartedMain] d.s.w.p.DocumentationPluginsBootstrapper : Context refreshed
2023-02-15 14:46:14.926  INFO 15428 --- [restartedMain] d.s.w.p.DocumentationPluginsBootstrapper : Found 1 custom documentation plugin(s)
2023-02-15 14:46:14.930  INFO 15428 --- [restartedMain] s.d.s.w.s.ApiListingReferenceScanner     : Scanning for api listing references
2023-02-15 14:46:15.018  INFO 15428 --- [restartedMain] c.c.blog.BlogAppApisApplication          : Started BlogAppApisApplication in 1.659 seconds (JVM running for 148.364)
2023-02-15 14:46:15.022  INFO 15428 --- [restartedMain] .ConditionEvaluationDeltaLoggingListener : Condition evaluation unchanged
2023-02-15 14:51:12.692  INFO 15428 --- [File Watcher] rtingClassPathChangeChangedEventListener : Restarting due to 1 class path change (0 additions, 0 deletions, 1 modification)
2023-02-15 14:51:12.733  INFO 15428 --- [Thread-7] o.apache.catalina.core.StandardService   : Stopping service [Tomcat]
2023-02-15 14:51:12.747  INFO 15428 --- [Thread-7] j.LocalContainerEntityManagerFactoryBean : Closing JPA EntityManagerFactory for persistence unit 'default'
2023-02-15 14:51:12.748  INFO 15428 --- [Thread-7] com.zaxxer.hikari.HikariDataSource       : HikariPool-2 - Shutdown initiated...
2023-02-15 14:51:12.760  INFO 15428 --- [Thread-7] com.zaxxer.hikari.HikariDataSource       : HikariPool-2 - Shutdown completed.
