2023-02-15 14:51:12.930  INFO 15428 --- [restartedMain] c.c.blog.BlogAppApisApplication          : Starting BlogAppApisApplication using Java 17.0.4.1 on DESKTOP-6L2TBG8 with PID 15428 (C:\Users\Dhananjay\Desktop\BikkadIT\RealTime Tools\blog-app-apis\target\classes started by Dhananjay in C:\Users\Dhananjay\Desktop\BikkadIT\RealTime Tools\blog-app-apis)
2023-02-15 14:51:12.933  INFO 15428 --- [restartedMain] c.c.blog.BlogAppApisApplication          : No active profile set, falling back to 1 default profile: "default"
2023-02-15 14:51:13.404  INFO 15428 --- [restartedMain] .s.d.r.c.RepositoryConfigurationDelegate : Bootstrapping Spring Data JPA repositories in DEFAULT mode.
2023-02-15 14:51:13.423  INFO 15428 --- [restartedMain] .s.d.r.c.RepositoryConfigurationDelegate : Finished Spring Data repository scanning in 18 ms. Found 2 JPA repository interfaces.
2023-02-15 14:51:13.589  INFO 15428 --- [restartedMain] o.s.b.w.embedded.tomcat.TomcatWebServer  : Tomcat initialized with port(s): 9090 (http)
2023-02-15 14:51:13.593  INFO 15428 --- [restartedMain] o.apache.catalina.core.StandardService   : Starting service [Tomcat]
2023-02-15 14:51:13.593  INFO 15428 --- [restartedMain] org.apache.catalina.core.StandardEngine  : Starting Servlet engine: [Apache Tomcat/9.0.71]
2023-02-15 14:51:13.627  INFO 15428 --- [restartedMain] o.a.c.c.C.[Tomcat].[localhost].[/]       : Initializing Spring embedded WebApplicationContext
2023-02-15 14:51:13.627  INFO 15428 --- [restartedMain] w.s.c.ServletWebServerApplicationContext : Root WebApplicationContext: initialization completed in 690 ms
2023-02-15 14:51:13.674  INFO 15428 --- [restartedMain] o.hibernate.jpa.internal.util.LogHelper  : HHH000204: Processing PersistenceUnitInfo [name: default]
2023-02-15 14:51:13.696  INFO 15428 --- [restartedMain] com.zaxxer.hikari.HikariDataSource       : HikariPool-3 - Starting...
2023-02-15 14:51:13.758  INFO 15428 --- [restartedMain] com.zaxxer.hikari.HikariDataSource       : HikariPool-3 - Start completed.
2023-02-15 14:51:13.761  INFO 15428 --- [restartedMain] org.hibernate.dialect.Dialect            : HHH000400: Using dialect: org.hibernate.dialect.MySQL8Dialect
2023-02-15 14:51:13.818  INFO 15428 --- [restartedMain] o.h.e.t.j.p.i.JtaPlatformInitiator       : HHH000490: Using JtaPlatform implementation: [org.hibernate.engine.transaction.jta.platform.internal.NoJtaPlatform]
2023-02-15 14:51:13.818  INFO 15428 --- [restartedMain] j.LocalContainerEntityManagerFactoryBean : Initialized JPA EntityManagerFactory for persistence unit 'default'
2023-02-15 14:51:14.035  WARN 15428 --- [restartedMain] JpaBaseConfiguration$JpaWebConfiguration : spring.jpa.open-in-view is enabled by default. Therefore, database queries may be performed during view rendering. Explicitly configure spring.jpa.open-in-view to disable this warning
2023-02-15 14:51:14.160  INFO 15428 --- [restartedMain] o.s.b.d.a.OptionalLiveReloadServer       : LiveReload server is running on port 35729
2023-02-15 14:51:14.256  INFO 15428 --- [restartedMain] o.s.b.w.embedded.tomcat.TomcatWebServer  : Tomcat started on port(s): 9090 (http) with context path ''
2023-02-15 14:51:14.256  INFO 15428 --- [restartedMain] d.s.w.p.DocumentationPluginsBootstrapper : Context refreshed
2023-02-15 14:51:14.257  INFO 15428 --- [restartedMain] d.s.w.p.DocumentationPluginsBootstrapper : Found 1 custom documentation plugin(s)
2023-02-15 14:51:14.261  INFO 15428 --- [restartedMain] s.d.s.w.s.ApiListingReferenceScanner     : Scanning for api listing references
2023-02-15 14:51:14.315  INFO 15428 --- [restartedMain] c.c.blog.BlogAppApisApplication          : Started BlogAppApisApplication in 1.469 seconds (JVM running for 447.662)
2023-02-15 14:51:14.318  INFO 15428 --- [restartedMain] .ConditionEvaluationDeltaLoggingListener : Condition evaluation unchanged
2023-02-15 14:51:42.699  INFO 15428 --- [http-nio-9090-exec-2] o.a.c.c.C.[Tomcat].[localhost].[/]       : Initializing Spring DispatcherServlet 'dispatcherServlet'
2023-02-15 14:51:42.699  INFO 15428 --- [http-nio-9090-exec-2] o.s.web.servlet.DispatcherServlet        : Initializing Servlet 'dispatcherServlet'
2023-02-15 14:51:42.703  INFO 15428 --- [http-nio-9090-exec-2] o.s.web.servlet.DispatcherServlet        : Completed initialization in 4 ms
2023-02-15 14:51:42.724  INFO 15428 --- [http-nio-9090-exec-2] c.c.blog.services.impl.UserServiceImpl   : dtoToUser() method executed successfully
2023-02-15 14:51:42.788  INFO 15428 --- [http-nio-9090-exec-2] c.c.blog.services.impl.UserServiceImpl   : createUser() method executed successfully
2023-02-15 14:51:42.791  INFO 15428 --- [http-nio-9090-exec-2] c.c.blog.services.impl.UserServiceImpl   : userToUserDto() method executed successfully
2023-02-15 14:51:52.739  INFO 15428 --- [http-nio-9090-exec-3] c.c.blog.services.impl.UserServiceImpl   : userToUserDto() method executed successfully
2023-02-15 14:51:52.740  INFO 15428 --- [http-nio-9090-exec-3] c.c.blog.services.impl.UserServiceImpl   : userToUserDto() method executed successfully
2023-02-15 14:51:52.740  INFO 15428 --- [http-nio-9090-exec-3] c.c.blog.services.impl.UserServiceImpl   : userToUserDto() method executed successfully
2023-02-15 14:51:52.741  INFO 15428 --- [http-nio-9090-exec-3] c.c.blog.services.impl.UserServiceImpl   : userToUserDto() method executed successfully
2023-02-15 14:51:52.741  INFO 15428 --- [http-nio-9090-exec-3] c.c.blog.services.impl.UserServiceImpl   : userToUserDto() method executed successfully
2023-02-15 14:51:52.742  INFO 15428 --- [http-nio-9090-exec-3] c.c.blog.services.impl.UserServiceImpl   : userToUserDto() method executed successfully
2023-02-15 14:51:52.743  INFO 15428 --- [http-nio-9090-exec-3] c.c.blog.services.impl.UserServiceImpl   : userToUserDto() method executed successfully
2023-02-15 14:51:52.744  INFO 15428 --- [http-nio-9090-exec-3] c.c.blog.services.impl.UserServiceImpl   : userToUserDto() method executed successfully
2023-02-15 14:51:52.745  INFO 15428 --- [http-nio-9090-exec-3] c.c.blog.services.impl.UserServiceImpl   : userToUserDto() method executed successfully
2023-02-15 14:51:52.746  INFO 15428 --- [http-nio-9090-exec-3] c.c.blog.services.impl.UserServiceImpl   : userToUserDto() method executed successfully
2023-02-15 14:51:52.746  INFO 15428 --- [http-nio-9090-exec-3] c.c.blog.services.impl.UserServiceImpl   : userToUserDto() method executed successfully
2023-02-15 14:51:52.747  INFO 15428 --- [http-nio-9090-exec-3] c.c.blog.services.impl.UserServiceImpl   : userToUserDto() method executed successfully
2023-02-15 14:51:52.748  INFO 15428 --- [http-nio-9090-exec-3] c.c.blog.services.impl.UserServiceImpl   : userToUserDto() method executed successfully
2023-02-15 14:51:52.751  INFO 15428 --- [http-nio-9090-exec-3] c.c.blog.services.impl.UserServiceImpl   : userToUserDto() method executed successfully
2023-02-15 14:51:52.752  INFO 15428 --- [http-nio-9090-exec-3] c.c.blog.services.impl.UserServiceImpl   : userToUserDto() method executed successfully
2023-02-15 14:51:52.752  INFO 15428 --- [http-nio-9090-exec-3] c.c.blog.services.impl.UserServiceImpl   : userToUserDto() method executed successfully
2023-02-15 14:51:52.753  INFO 15428 --- [http-nio-9090-exec-3] c.c.blog.services.impl.UserServiceImpl   : userToUserDto() method executed successfully
2023-02-15 14:51:52.753  INFO 15428 --- [http-nio-9090-exec-3] c.c.blog.services.impl.UserServiceImpl   : userToUserDto() method executed successfully
2023-02-15 14:51:52.753  INFO 15428 --- [http-nio-9090-exec-3] c.c.blog.services.impl.UserServiceImpl   : userToUserDto() method executed successfully
2023-02-15 14:51:52.754  INFO 15428 --- [http-nio-9090-exec-3] c.c.blog.services.impl.UserServiceImpl   : userToUserDto() method executed successfully
2023-02-15 14:51:52.754  INFO 15428 --- [http-nio-9090-exec-3] c.c.blog.services.impl.UserServiceImpl   : userToUserDto() method executed successfully
2023-02-15 14:51:52.755  INFO 15428 --- [http-nio-9090-exec-3] c.c.blog.services.impl.UserServiceImpl   : userToUserDto() method executed successfully
2023-02-15 14:51:52.755  INFO 15428 --- [http-nio-9090-exec-3] c.c.blog.services.impl.UserServiceImpl   : userToUserDto() method executed successfully
2023-02-15 14:51:52.756  INFO 15428 --- [http-nio-9090-exec-3] c.c.blog.services.impl.UserServiceImpl   : userToUserDto() method executed successfully
2023-02-15 14:51:52.756  INFO 15428 --- [http-nio-9090-exec-3] c.c.blog.services.impl.UserServiceImpl   : getAllUsers() method executed successfully
